Determining if the pthread_create exist failed with the following output:
Change Dir: /home/toby4548/catkin_ws/build/myname/CMakeFiles/CMakeTmp

Run Build Command:/usr/bin/make "cmTryCompileExec1423975357/fast"
/usr/bin/make -f CMakeFiles/cmTryCompileExec1423975357.dir/build.make CMakeFiles/cmTryCompileExec1423975357.dir/build
make[1]: Entering directory `/home/toby4548/catkin_ws/build/myname/CMakeFiles/CMakeTmp'
/usr/bin/cmake -E cmake_progress_report /home/toby4548/catkin_ws/build/myname/CMakeFiles/CMakeTmp/CMakeFiles 1
Building C object CMakeFiles/cmTryCompileExec1423975357.dir/CheckSymbolExists.c.o
/usr/bin/cc    -o CMakeFiles/cmTryCompileExec1423975357.dir/CheckSymbolExists.c.o   -c /home/toby4548/catkin_ws/build/myname/CMakeFiles/CMakeTmp/CheckSymbolExists.c
Linking C executable cmTryCompileExec1423975357
/usr/bin/cmake -E cmake_link_script CMakeFiles/cmTryCompileExec1423975357.dir/link.txt --verbose=1
/usr/bin/cc       CMakeFiles/cmTryCompileExec1423975357.dir/CheckSymbolExists.c.o  -o cmTryCompileExec1423975357 -rdynamic 
CMakeFiles/cmTryCompileExec1423975357.dir/CheckSymbolExists.c.o: In function `main':
CheckSymbolExists.c:(.text+0x16): undefined reference to `pthread_create'
collect2: error: ld returned 1 exit status
make[1]: Leaving directory `/home/toby4548/catkin_ws/build/myname/CMakeFiles/CMakeTmp'
make[1]: *** [cmTryCompileExec1423975357] Error 1
make: *** [cmTryCompileExec1423975357/fast] Error 2

File /home/toby4548/catkin_ws/build/myname/CMakeFiles/CMakeTmp/CheckSymbolExists.c:
/* */
#include <pthread.h>

int main(int argc, char** argv)
{
  (void)argv;
#ifndef pthread_create
  return ((int*)(&pthread_create))[argc];
#else
  (void)argc;
  return 0;
#endif
}

Determining if the function pthread_create exists in the pthreads failed with the following output:
Change Dir: /home/toby4548/catkin_ws/build/myname/CMakeFiles/CMakeTmp

Run Build Command:/usr/bin/make "cmTryCompileExec552847598/fast"
/usr/bin/make -f CMakeFiles/cmTryCompileExec552847598.dir/build.make CMakeFiles/cmTryCompileExec552847598.dir/build
make[1]: Entering directory `/home/toby4548/catkin_ws/build/myname/CMakeFiles/CMakeTmp'
/usr/bin/cmake -E cmake_progress_report /home/toby4548/catkin_ws/build/myname/CMakeFiles/CMakeTmp/CMakeFiles 1
Building C object CMakeFiles/cmTryCompileExec552847598.dir/CheckFunctionExists.c.o
/usr/bin/cc   -DCHECK_FUNCTION_EXISTS=pthread_create   -o CMakeFiles/cmTryCompileExec552847598.dir/CheckFunctionExists.c.o   -c /usr/share/cmake-2.8/Modules/CheckFunctionExists.c
Linking C executable cmTryCompileExec552847598
/usr/bin/cmake -E cmake_link_script CMakeFiles/cmTryCompileExec552847598.dir/link.txt --verbose=1
/usr/bin/cc   -DCHECK_FUNCTION_EXISTS=pthread_create    CMakeFiles/cmTryCompileExec552847598.dir/CheckFunctionExists.c.o  -o cmTryCompileExec552847598 -rdynamic -lpthreads 
/usr/bin/ld: cannot find -lpthreads
collect2: error: ld returned 1 exit status
make[1]: Leaving directory `/home/toby4548/catkin_ws/build/myname/CMakeFiles/CMakeTmp'
make[1]: *** [cmTryCompileExec552847598] Error 1
make: *** [cmTryCompileExec552847598/fast] Error 2


