Determining if the pthread_create exist failed with the following output:
Change Dir: /home/toby4548/catkin_ws/build/myworkcell_core/CMakeFiles/CMakeTmp

Run Build Command:/usr/bin/make "cmTryCompileExec3341613598/fast"
/usr/bin/make -f CMakeFiles/cmTryCompileExec3341613598.dir/build.make CMakeFiles/cmTryCompileExec3341613598.dir/build
make[1]: Entering directory `/home/toby4548/catkin_ws/build/myworkcell_core/CMakeFiles/CMakeTmp'
/usr/bin/cmake -E cmake_progress_report /home/toby4548/catkin_ws/build/myworkcell_core/CMakeFiles/CMakeTmp/CMakeFiles 1
Building C object CMakeFiles/cmTryCompileExec3341613598.dir/CheckSymbolExists.c.o
/usr/bin/cc    -o CMakeFiles/cmTryCompileExec3341613598.dir/CheckSymbolExists.c.o   -c /home/toby4548/catkin_ws/build/myworkcell_core/CMakeFiles/CMakeTmp/CheckSymbolExists.c
Linking C executable cmTryCompileExec3341613598
/usr/bin/cmake -E cmake_link_script CMakeFiles/cmTryCompileExec3341613598.dir/link.txt --verbose=1
/usr/bin/cc       CMakeFiles/cmTryCompileExec3341613598.dir/CheckSymbolExists.c.o  -o cmTryCompileExec3341613598 -rdynamic 
CMakeFiles/cmTryCompileExec3341613598.dir/CheckSymbolExists.c.o: In function `main':
CheckSymbolExists.c:(.text+0x16): undefined reference to `pthread_create'
collect2: error: ld returned 1 exit status
make[1]: Leaving directory `/home/toby4548/catkin_ws/build/myworkcell_core/CMakeFiles/CMakeTmp'
make[1]: *** [cmTryCompileExec3341613598] Error 1
make: *** [cmTryCompileExec3341613598/fast] Error 2

File /home/toby4548/catkin_ws/build/myworkcell_core/CMakeFiles/CMakeTmp/CheckSymbolExists.c:
/* */
#include <pthread.h>

int main(int argc, char** argv)
{
  (void)argv;
#ifndef pthread_create
  return ((int*)(&pthread_create))[argc];
#else
  (void)argc;
  return 0;
#endif
}

Determining if the function pthread_create exists in the pthreads failed with the following output:
Change Dir: /home/toby4548/catkin_ws/build/myworkcell_core/CMakeFiles/CMakeTmp

Run Build Command:/usr/bin/make "cmTryCompileExec1381622858/fast"
/usr/bin/make -f CMakeFiles/cmTryCompileExec1381622858.dir/build.make CMakeFiles/cmTryCompileExec1381622858.dir/build
make[1]: Entering directory `/home/toby4548/catkin_ws/build/myworkcell_core/CMakeFiles/CMakeTmp'
/usr/bin/cmake -E cmake_progress_report /home/toby4548/catkin_ws/build/myworkcell_core/CMakeFiles/CMakeTmp/CMakeFiles 1
Building C object CMakeFiles/cmTryCompileExec1381622858.dir/CheckFunctionExists.c.o
/usr/bin/cc   -DCHECK_FUNCTION_EXISTS=pthread_create   -o CMakeFiles/cmTryCompileExec1381622858.dir/CheckFunctionExists.c.o   -c /usr/share/cmake-2.8/Modules/CheckFunctionExists.c
Linking C executable cmTryCompileExec1381622858
/usr/bin/cmake -E cmake_link_script CMakeFiles/cmTryCompileExec1381622858.dir/link.txt --verbose=1
/usr/bin/cc   -DCHECK_FUNCTION_EXISTS=pthread_create    CMakeFiles/cmTryCompileExec1381622858.dir/CheckFunctionExists.c.o  -o cmTryCompileExec1381622858 -rdynamic -lpthreads 
/usr/bin/ld: cannot find -lpthreads
collect2: error: ld returned 1 exit status
make[1]: Leaving directory `/home/toby4548/catkin_ws/build/myworkcell_core/CMakeFiles/CMakeTmp'
make[1]: *** [cmTryCompileExec1381622858] Error 1
make: *** [cmTryCompileExec1381622858/fast] Error 2


